{"D:\\VueJsGithub\\VueJS\\fp\\src\\App.vue": {"path":"D:\\VueJsGithub\\VueJS\\fp\\src\\App.vue","statementMap":{"0":{"start":{"line":14,"column":0},"end":{"line":14,"column":null}},"1":{"start":{"line":15,"column":0},"end":{"line":15,"column":null}},"2":{"start":{"line":24,"column":0},"end":{"line":24,"column":null}},"3":{"start":{"line":32,"column":0},"end":{"line":32,"column":null}},"4":{"start":{"line":35,"column":0},"end":{"line":35,"column":null}},"5":{"start":{"line":40,"column":0},"end":{"line":40,"column":null}}},"fnMap":{"0":{"name":"data","decl":{"start":{"line":23,"column":0},"end":{"line":23,"column":null}},"loc":{"start":{"line":23,"column":0},"end":{"line":29,"column":null}}},"1":{"name":"onClick","decl":{"start":{"line":31,"column":0},"end":{"line":31,"column":null}},"loc":{"start":{"line":31,"column":0},"end":{"line":33,"column":null}}},"2":{"name":"onClick2","decl":{"start":{"line":34,"column":0},"end":{"line":34,"column":null}},"loc":{"start":{"line":34,"column":0},"end":{"line":36,"column":null}}},"3":{"name":"computedDate","decl":{"start":{"line":39,"column":0},"end":{"line":39,"column":null}},"loc":{"start":{"line":39,"column":0},"end":{"line":41,"column":null}}}},"branchMap":{"0":{"loc":{"start":{"line":40,"column":0},"end":{"line":40,"column":null}},"type":"binary-expr","locations":[{"start":{"line":40,"column":0},"end":{"line":40,"column":null}},{"start":{"line":40,"column":0},"end":{"line":40,"column":null}}]}},"s":{"0":0,"1":0,"2":0,"3":0,"4":0,"5":0},"f":{"0":0,"1":0,"2":0,"3":0},"b":{"0":[0,0]}}
,"D:\\VueJsGithub\\VueJS\\fp\\src\\components\\Calculator.vue": {"path":"D:\\VueJsGithub\\VueJS\\fp\\src\\components\\Calculator.vue","statementMap":{"0":{"start":{"line":61,"column":0},"end":{"line":61,"column":null}},"1":{"start":{"line":77,"column":0},"end":{"line":77,"column":null}},"2":{"start":{"line":78,"column":0},"end":{"line":78,"column":null}},"3":{"start":{"line":79,"column":0},"end":{"line":79,"column":null}},"4":{"start":{"line":81,"column":0},"end":{"line":81,"column":null}},"5":{"start":{"line":82,"column":0},"end":{"line":82,"column":null}},"6":{"start":{"line":84,"column":0},"end":{"line":84,"column":null}},"7":{"start":{"line":85,"column":0},"end":{"line":85,"column":null}},"8":{"start":{"line":87,"column":0},"end":{"line":87,"column":null}},"9":{"start":{"line":88,"column":0},"end":{"line":88,"column":null}},"10":{"start":{"line":90,"column":0},"end":{"line":90,"column":null}},"11":{"start":{"line":91,"column":0},"end":{"line":91,"column":null}},"12":{"start":{"line":93,"column":0},"end":{"line":93,"column":null}},"13":{"start":{"line":94,"column":0},"end":{"line":94,"column":null}},"14":{"start":{"line":95,"column":0},"end":{"line":95,"column":null}},"15":{"start":{"line":98,"column":0},"end":{"line":98,"column":null}},"16":{"start":{"line":101,"column":0},"end":{"line":101,"column":null}},"17":{"start":{"line":104,"column":0},"end":{"line":104,"column":null}},"18":{"start":{"line":107,"column":0},"end":{"line":107,"column":null}},"19":{"start":{"line":108,"column":0},"end":{"line":110,"column":null}},"20":{"start":{"line":109,"column":0},"end":{"line":109,"column":null}},"21":{"start":{"line":111,"column":0},"end":{"line":111,"column":null}},"22":{"start":{"line":114,"column":0},"end":{"line":114,"column":null}},"23":{"start":{"line":118,"column":0},"end":{"line":118,"column":null}},"24":{"start":{"line":121,"column":0},"end":{"line":127,"column":null}},"25":{"start":{"line":122,"column":0},"end":{"line":122,"column":null}},"26":{"start":{"line":123,"column":0},"end":{"line":123,"column":null}},"27":{"start":{"line":125,"column":0},"end":{"line":125,"column":null}},"28":{"start":{"line":126,"column":0},"end":{"line":126,"column":null}},"29":{"start":{"line":128,"column":0},"end":{"line":128,"column":null}},"30":{"start":{"line":131,"column":0},"end":{"line":139,"column":null}},"31":{"start":{"line":132,"column":0},"end":{"line":132,"column":null}},"32":{"start":{"line":133,"column":0},"end":{"line":133,"column":null}},"33":{"start":{"line":134,"column":0},"end":{"line":134,"column":null}},"34":{"start":{"line":136,"column":0},"end":{"line":136,"column":null}},"35":{"start":{"line":137,"column":0},"end":{"line":137,"column":null}},"36":{"start":{"line":138,"column":0},"end":{"line":138,"column":null}},"37":{"start":{"line":142,"column":0},"end":{"line":142,"column":null}},"38":{"start":{"line":143,"column":0},"end":{"line":143,"column":null}}},"fnMap":{"0":{"name":"data","decl":{"start":{"line":60,"column":0},"end":{"line":60,"column":null}},"loc":{"start":{"line":60,"column":0},"end":{"line":74,"column":null}}},"1":{"name":"calculate","decl":{"start":{"line":77,"column":0},"end":{"line":77,"column":null}},"loc":{"start":{"line":77,"column":0},"end":{"line":96,"column":null}}},"2":{"name":"add","decl":{"start":{"line":97,"column":0},"end":{"line":97,"column":null}},"loc":{"start":{"line":97,"column":0},"end":{"line":99,"column":null}}},"3":{"name":"substract","decl":{"start":{"line":100,"column":0},"end":{"line":100,"column":null}},"loc":{"start":{"line":100,"column":0},"end":{"line":102,"column":null}}},"4":{"name":"mult","decl":{"start":{"line":103,"column":0},"end":{"line":103,"column":null}},"loc":{"start":{"line":103,"column":0},"end":{"line":105,"column":null}}},"5":{"name":"div","decl":{"start":{"line":106,"column":0},"end":{"line":106,"column":null}},"loc":{"start":{"line":106,"column":0},"end":{"line":112,"column":null}}},"6":{"name":"divInteger","decl":{"start":{"line":113,"column":0},"end":{"line":113,"column":null}},"loc":{"start":{"line":113,"column":0},"end":{"line":115,"column":null}}},"7":{"name":"checkKeyboardVisibility","decl":{"start":{"line":117,"column":0},"end":{"line":117,"column":null}},"loc":{"start":{"line":117,"column":0},"end":{"line":119,"column":null}}},"8":{"name":"showNumber","decl":{"start":{"line":120,"column":0},"end":{"line":120,"column":null}},"loc":{"start":{"line":120,"column":0},"end":{"line":129,"column":null}}},"9":{"name":"backSpace","decl":{"start":{"line":130,"column":0},"end":{"line":130,"column":null}},"loc":{"start":{"line":130,"column":0},"end":{"line":140,"column":null}}},"10":{"name":"chooseOperand","decl":{"start":{"line":141,"column":0},"end":{"line":141,"column":null}},"loc":{"start":{"line":141,"column":0},"end":{"line":144,"column":null}}}},"branchMap":{"0":{"loc":{"start":{"line":77,"column":0},"end":{"line":77,"column":null}},"type":"cond-expr","locations":[{"start":{"line":77,"column":0},"end":{"line":77,"column":null}},{"start":{"line":77,"column":0},"end":{"line":77,"column":null}}]},"1":{"loc":{"start":{"line":80,"column":0},"end":{"line":82,"column":null}},"type":"switch","locations":[{"start":{"line":80,"column":0},"end":{"line":82,"column":null}},{"start":{"line":83,"column":0},"end":{"line":85,"column":null}},{"start":{"line":86,"column":0},"end":{"line":88,"column":null}},{"start":{"line":89,"column":0},"end":{"line":91,"column":null}}]},"2":{"loc":{"start":{"line":108,"column":0},"end":{"line":110,"column":null}},"type":"if","locations":[{"start":{"line":108,"column":0},"end":{"line":110,"column":null}},{"start":{"line":108,"column":0},"end":{"line":110,"column":null}}]},"3":{"loc":{"start":{"line":121,"column":0},"end":{"line":127,"column":null}},"type":"if","locations":[{"start":{"line":121,"column":0},"end":{"line":127,"column":null}},{"start":{"line":121,"column":0},"end":{"line":127,"column":null}}]},"4":{"loc":{"start":{"line":131,"column":0},"end":{"line":139,"column":null}},"type":"if","locations":[{"start":{"line":131,"column":0},"end":{"line":139,"column":null}},{"start":{"line":131,"column":0},"end":{"line":139,"column":null}}]}},"s":{"0":0,"1":0,"2":0,"3":0,"4":0,"5":0,"6":0,"7":0,"8":0,"9":0,"10":0,"11":0,"12":0,"13":0,"14":0,"15":0,"16":0,"17":0,"18":0,"19":0,"20":0,"21":0,"22":0,"23":0,"24":0,"25":0,"26":0,"27":0,"28":0,"29":0,"30":0,"31":0,"32":0,"33":0,"34":0,"35":0,"36":0,"37":0,"38":0},"f":{"0":0,"1":0,"2":0,"3":0,"4":0,"5":0,"6":0,"7":0,"8":0,"9":0,"10":0},"b":{"0":[0,0],"1":[0,0,0,0],"2":[0,0],"3":[0,0],"4":[0,0]}}
}
