TN:
SF:src\App.vue
FN:23,data
FN:31,onClick
FN:34,onClick2
FN:39,computedDate
FNF:4
FNH:0
FNDA:0,data
FNDA:0,onClick
FNDA:0,onClick2
FNDA:0,computedDate
DA:14,0
DA:15,0
DA:24,0
DA:32,0
DA:35,0
DA:40,0
LF:6
LH:0
BRDA:40,0,0,0
BRDA:40,0,1,0
BRF:2
BRH:0
end_of_record
TN:
SF:src\components\Calculator.vue
FN:60,data
FN:77,calculate
FN:97,add
FN:100,substract
FN:103,mult
FN:106,div
FN:113,divInteger
FN:117,checkKeyboardVisibility
FN:120,showNumber
FN:130,backSpace
FN:141,chooseOperand
FNF:11
FNH:0
FNDA:0,data
FNDA:0,calculate
FNDA:0,add
FNDA:0,substract
FNDA:0,mult
FNDA:0,div
FNDA:0,divInteger
FNDA:0,checkKeyboardVisibility
FNDA:0,showNumber
FNDA:0,backSpace
FNDA:0,chooseOperand
DA:61,0
DA:77,0
DA:78,0
DA:79,0
DA:81,0
DA:82,0
DA:84,0
DA:85,0
DA:87,0
DA:88,0
DA:90,0
DA:91,0
DA:93,0
DA:94,0
DA:95,0
DA:98,0
DA:101,0
DA:104,0
DA:107,0
DA:108,0
DA:109,0
DA:111,0
DA:114,0
DA:118,0
DA:121,0
DA:122,0
DA:123,0
DA:125,0
DA:126,0
DA:128,0
DA:131,0
DA:132,0
DA:133,0
DA:134,0
DA:136,0
DA:137,0
DA:138,0
DA:142,0
DA:143,0
LF:39
LH:0
BRDA:77,0,0,0
BRDA:77,0,1,0
BRDA:80,1,0,0
BRDA:80,1,1,0
BRDA:80,1,2,0
BRDA:80,1,3,0
BRDA:108,2,0,0
BRDA:108,2,1,0
BRDA:121,3,0,0
BRDA:121,3,1,0
BRDA:131,4,0,0
BRDA:131,4,1,0
BRF:12
BRH:0
end_of_record
